TN:
SF:/var/www/vipcommerce.local/snake-case-first/test.js
FN:5,(anonymous_1)
FN:6,(anonymous_2)
FN:17,(anonymous_3)
FNF:3
FNH:3
FNDA:1,(anonymous_1)
FNDA:1,(anonymous_2)
FNDA:1,(anonymous_3)
DA:2,1
DA:3,1
DA:5,1
DA:6,1
DA:7,1
DA:8,1
DA:9,1
DA:10,1
DA:11,1
DA:17,1
DA:18,1
LF:11
LH:11
BRF:0
BRH:0
end_of_record
TN:
SF:/var/www/vipcommerce.local/snake-case-first/snake-case-first.js
FN:11,(anonymous_1)
FN:12,(anonymous_2)
FNF:2
FNH:2
FNDA:6,(anonymous_1)
FNDA:9,(anonymous_2)
DA:1,1
DA:2,1
DA:11,1
DA:12,6
DA:13,9
LF:5
LH:5
BRF:0
BRH:0
end_of_record
